访问地址:/admin  访问人:::1
访问地址:/admin  访问人:::1
访问地址:/admin  访问人:::1
访问地址:/favicon.ico  访问人:::1
访问地址:/admin  访问人:::1
访问地址:/favicon.ico  访问人:::1
访问地址:/login  访问人:::1
访问地址:/favicon.ico  访问人:::1
访问地址:/favicon.ico  访问人:::1
访问地址:/favicon.ico  访问人:::1
访问地址:/favicon.ico  访问人:::1
访问地址:/favicon.ico  访问人:::1
访问地址:/favicon.ico  访问人:::1
访问地址:/admin  访问人:::1
访问地址:/favicon.ico  访问人:::1
访问地址:/favicon.ico  访问人:::1
访问地址:/favicon.ico  访问人:::1
访问地址:/absd  访问人:::1
访问地址:/favicon.ico  访问人:::1
访问地址:/favicon.ico  访问人:::1
访问地址:/test1  访问人:::1
访问地址:/favicon.ico  访问人:::1
访问地址:/favicon.ico  访问人:::1
访问地址:/admin  访问人:::1
访问地址:/favicon.ico  访问人:::1
访问地址:/admin1  访问人:::1
访问地址:/favicon.ico  访问人:::1
访问地址:/setting  访问人:::1
访问地址:/favicon.ico  访问人:::1
访问地址:/setting?code=502  访问人:::1
访问地址:/favicon.ico  访问人:::1
访问地址:/setting?code=502  访问人:::1
访问地址:/favicon.ico  访问人:::1
访问地址:/setting?code=501  访问人:::1
访问地址:/favicon.ico  访问人:::1
访问地址:/setting?code=502  访问人:::1
访问地址:/favicon.ico  访问人:::1
